


ARM Macro Assembler    Page 1 


    1 00000000         ;/******************************************************
                       ********************//**
    2 00000000         ; * @file     startup_ARMCM3.s
    3 00000000         ; * @brief    CMSIS Core Device Startup File for
    4 00000000         ; *           ARMCM3 Device Series
    5 00000000         ; * @version  V1.08
    6 00000000         ; * @date     03. February 2012
    7 00000000         ; *
    8 00000000         ; * @note
    9 00000000         ; * Copyright (C) 2012 ARM Limited. All rights reserved.
                       
   10 00000000         ; *
   11 00000000         ; * @par
   12 00000000         ; * ARM Limited (ARM) is supplying this software for use
                        with Cortex-M 
   13 00000000         ; * processor based microcontrollers.  This file can be 
                       freely distributed 
   14 00000000         ; * within development tools that are supporting such AR
                       M based processors. 
   15 00000000         ; *
   16 00000000         ; * @par
   17 00000000         ; * THIS SOFTWARE IS PROVIDED "AS IS".  NO WARRANTIES, W
                       HETHER EXPRESS, IMPLIED
   18 00000000         ; * OR STATUTORY, INCLUDING, BUT NOT LIMITED TO, IMPLIED
                        WARRANTIES OF
   19 00000000         ; * MERCHANTABILITY AND FITNESS FOR A PARTICULAR PURPOSE
                        APPLY TO THIS SOFTWARE.
   20 00000000         ; * ARM SHALL NOT, IN ANY CIRCUMSTANCES, BE LIABLE FOR S
                       PECIAL, INCIDENTAL, OR
   21 00000000         ; * CONSEQUENTIAL DAMAGES, FOR ANY REASON WHATSOEVER.
   22 00000000         ; *
   23 00000000         ; ******************************************************
                       ************************/
   24 00000000         ;/*
   25 00000000         ;//-------- <<< Use Configuration Wizard in Context Menu
                        >>> ------------------
   26 00000000         ;*/
   27 00000000         
   28 00000000 00000004 
                       Stack_Size
                               EQU              0x00000004
   29 00000000         
   30 00000000                 AREA             STACK, NOINIT, READWRITE, ALIGN
=3
   31 00000000         Stack_Mem
                               SPACE            Stack_Size
   32 00000004         __initial_sp
   33 00000004                 EXPORT           __initial_sp
   34 00000004         
   35 00000004         
   36 00000004                 EXPORT           __heap_base
   37 00000004                 EXPORT           __heap_limit
   38 00000004         
   39 00000004 00000000 
                       Heap_Size
                               EQU              0
   40 00000004         
   41 00000004                 AREA             HEAP, NOINIT, READWRITE, ALIGN=
3



ARM Macro Assembler    Page 2 


   42 00000000         __heap_base
   43 00000000         Heap_Mem
                               SPACE            Heap_Size
   44 00000000         __heap_limit
   45 00000000         
   46 00000000                 PRESERVE8
   47 00000000                 THUMB
   48 00000000         
   49 00000000         ; Vector Table Mapped to Address 0 at Reset
   50 00000000         
   51 00000000                 AREA             RESET, DATA, READONLY
   52 00000000                 EXPORT           __Vectors
   53 00000000         
   54 00000000 00000000 
                       __Vectors
                               DCD              0           ; Top of Stack
   55 00000004 00000000        DCD              Reset_Handler ; Reset Handler
   56 00000008 00000000        DCD              Override_Handler ; NMI Handler
   57 0000000C 00000000        DCD              Override_Handler ; Hard Fault H
                                                            andler
   58 00000010 00000000        DCD              Override_Handler 
                                                            ; MPU Fault Handler
                                                            
   59 00000014 00000000        DCD              Override_Handler 
                                                            ; Bus Fault Handler
                                                            
   60 00000018 00000000        DCD              Override_Handler ; Usage Fault 
                                                            Handler
   61 0000001C 00000000        DCD              0           ; Reserved
   62 00000020 00000000        DCD              0           ; Reserved
   63 00000024 00000000        DCD              0           ; Reserved
   64 00000028 00000000        DCD              0           ; Reserved
   65 0000002C 00000000        DCD              Override_Handler 
                                                            ; SVCall Handler
   66 00000030 00000000        DCD              Override_Handler ; Debug Monito
                                                            r Handler
   67 00000034 00000000        DCD              0           ; Reserved
   68 00000038 00000000        DCD              Override_Handler 
                                                            ; PendSV Handler
   69 0000003C 00000000        DCD              Override_Handler 
                                                            ; SysTick Handler
   70 00000040 00000000        DCD              Override_Handler
   71 00000044 00000000        DCD              Override_Handler
   72 00000048 00000000        DCD              Override_Handler
   73 0000004C 00000000        DCD              Override_Handler
   74 00000050 00000000        DCD              Override_Handler
   75 00000054 00000000        DCD              Override_Handler
   76 00000058 00000000        DCD              Override_Handler
   77 0000005C 00000000        DCD              Override_Handler
   78 00000060 00000000        DCD              Override_Handler
   79 00000064 00000000        DCD              Override_Handler
   80 00000068 00000000        DCD              Override_Handler
   81 0000006C 00000000        DCD              Override_Handler
   82 00000070 00000000        DCD              Override_Handler
   83 00000074 00000000        DCD              Override_Handler
   84 00000078 00000000        DCD              Override_Handler
   85 0000007C 00000000        DCD              Override_Handler
   86 00000080 00000000        DCD              Override_Handler
   87 00000084 00000000        DCD              Override_Handler



ARM Macro Assembler    Page 3 


   88 00000088 00000000        DCD              Override_Handler
   89 0000008C 00000000        DCD              Override_Handler
   90 00000090 00000000        DCD              Override_Handler
   91 00000094 00000000        DCD              Override_Handler
   92 00000098 00000000        DCD              Override_Handler
   93 0000009C 00000000        DCD              Override_Handler
   94 000000A0 00000000        DCD              Override_Handler
   95 000000A4 00000000        DCD              Override_Handler
   96 000000A8 00000000        DCD              Override_Handler
   97 000000AC 00000000        DCD              Override_Handler
   98 000000B0 00000000        DCD              Override_Handler
   99 000000B4 00000000        DCD              Override_Handler
  100 000000B8 00000000        DCD              Override_Handler
  101 000000BC 00000000        DCD              Override_Handler
  102 000000C0 00000000        DCD              Override_Handler
  103 000000C4 00000000        DCD              Override_Handler
  104 000000C8 00000000        DCD              Override_Handler
  105 000000CC 00000000        DCD              Override_Handler
  106 000000D0 00000000        DCD              Override_Handler
  107 000000D4 00000000        DCD              Override_Handler
  108 000000D8 00000000        DCD              Override_Handler
  109 000000DC 00000000        DCD              Override_Handler
  110 000000E0 00000000        DCD              Override_Handler
  111 000000E4 00000000        DCD              Override_Handler
  112 000000E8 00000000        DCD              Override_Handler
  113 000000EC 00000000        DCD              Override_Handler
  114 000000F0 00000000        DCD              Override_Handler
  115 000000F4 00000000        DCD              Override_Handler
  116 000000F8 00000000        DCD              Override_Handler
  117 000000FC 00000000        DCD              Override_Handler
  118 00000100 00000000        DCD              Override_Handler
  119 00000104 00000000        DCD              Override_Handler
  120 00000108 00000000        DCD              Override_Handler
  121 0000010C 00000000        DCD              Override_Handler
  122 00000110 00000000        DCD              Override_Handler
  123 00000114 00000000        DCD              Override_Handler
  124 00000118 00000000        DCD              Override_Handler
  125 0000011C 00000000        DCD              Override_Handler
  126 00000120         
  127 00000120         __Vectors_End
  128 00000120         
  129 00000120 00000120 
                       __Vectors_Size
                               EQU              __Vectors_End - __Vectors
  130 00000120         
  131 00000120         
  132 00000120                 AREA             |.text|, CODE, READONLY
  133 00000000         
  134 00000000         
  135 00000000         ; Reset Handler
  136 00000000         
  137 00000000         Reset_Handler
                               PROC
  138 00000000                 EXPORT           Reset_Handler
  139 00000000                 IMPORT           __scatterload
  140 00000000         
  141 00000000         ; this push is consumed by main
  142 00000000 B502            PUSH             {R1, LR}
  143 00000002         



ARM Macro Assembler    Page 4 


  144 00000002         ; save msp
  145 00000002 F3EF 8108       MRS              R1, MSP
  146 00000006 F381 8809       MSR              PSP, R1
  147 0000000A         
  148 0000000A 480B            LDR              R0, =__scatterload
  149 0000000C 4700            BX               R0
  150 0000000E         
  151 0000000E                 ENDP
  152 0000000E         
  153 0000000E 00 00           ALIGN
  154 00000010         
  155 00000010         Override_Handler
                               PROC
  156 00000010                 IMPORT           UserHandler
  157 00000010         
  158 00000010         ; int irq = SCB->ICSR & SCB_ICSR_VECTACTIVE_Msk;
  159 00000010 480A            LDR              r0, =0xE000ED04
  160 00000012 6801            LDR              r1, [r0]
  161 00000014 F36F 215F       BFC              r1,#9,#23
  162 00000018         
  163 00000018         ; if (irq > 15) call UserHandler; else call default
  164 00000018 290F            CMP              r1, #0x0F
  165 0000001A DC03            BGT              CALL_USER_ISR
  166 0000001C         
  167 0000001C         ; TODO: response Exception
  168 0000001C         
  169 0000001C         ; continue to call Exception handle function from platfo
                       rm
  170 0000001C         ; f_irq_handler isr = (f_irq_handler)io_read(PLATFORM_NV
                       IC_VECT + irq * 4);
  171 0000001C         ; take ING916xx for example,start address of interrupt v
                       ector table of platfrom is 0x02002000
  172 0000001C 4808            LDR              r0, =0x02002000
  173 0000001E F850 0021       LDR              r0, [r0, r1, LSL #2]
  174 00000022 4700            BX               r0
  175 00000024         
  176 00000024         CALL_USER_ISR
  177 00000024 4608            MOV              r0, r1
  178 00000026 4907            LDR              r1, =UserHandler
  179 00000028 4708            BX               r1
  180 0000002A         
  181 0000002A                 ENDP
  182 0000002A         
  183 0000002A         main    PROC
  184 0000002A                 EXPORT           main
  185 0000002A                 IMPORT           app_main
  186 0000002A         
  187 0000002A 4807            LDR              R0, =app_main
  188 0000002C 4780            BLX              R0
  189 0000002E         
  190 0000002E         ; restore msp
  191 0000002E F3EF 8109       MRS              R1, PSP
  192 00000032 F381 8808       MSR              MSP, R1
  193 00000036         
  194 00000036 BD02            POP              {R1, PC}
  195 00000038         
  196 00000038                 ENDP
  197 00000038         
  198 00000038                 ALIGN



ARM Macro Assembler    Page 5 


  199 00000038         
  200 00000038                 END
              00000000 
              E000ED04 
              02002000 
              00000000 
              00000000 
Command Line: --debug --xref --diag_suppress=9931,A1950W --cpu=Cortex-M4.fp.sp 
--depend=.\output\startup_ing91600.d -o.\output\startup_ing91600.o -I.\RTE\_Tar
get_1 -I"D:\Program Files\MDK5\ARM\CMSIS\6.1.0\CMSIS\Core\Include" --predefine=
"__MICROLIB SETA 1" --predefine="__UVISION_VERSION SETA 541" --predefine="_RTE_
 SETA 1" --list=.\listing\startup_ing91600.lst src\startup_ing91600.s



ARM Macro Assembler    Page 1 Alphabetic symbol ordering
Relocatable symbols

STACK 00000000

Symbol: STACK
   Definitions
      At line 30 in file src\startup_ing91600.s
   Uses
      None
Comment: STACK unused
Stack_Mem 00000000

Symbol: Stack_Mem
   Definitions
      At line 31 in file src\startup_ing91600.s
   Uses
      None
Comment: Stack_Mem unused
__initial_sp 00000004

Symbol: __initial_sp
   Definitions
      At line 32 in file src\startup_ing91600.s
   Uses
      At line 33 in file src\startup_ing91600.s
Comment: __initial_sp used once
3 symbols



ARM Macro Assembler    Page 1 Alphabetic symbol ordering
Relocatable symbols

HEAP 00000000

Symbol: HEAP
   Definitions
      At line 41 in file src\startup_ing91600.s
   Uses
      None
Comment: HEAP unused
Heap_Mem 00000000

Symbol: Heap_Mem
   Definitions
      At line 43 in file src\startup_ing91600.s
   Uses
      None
Comment: Heap_Mem unused
__heap_base 00000000

Symbol: __heap_base
   Definitions
      At line 42 in file src\startup_ing91600.s
   Uses
      At line 36 in file src\startup_ing91600.s
Comment: __heap_base used once
__heap_limit 00000000

Symbol: __heap_limit
   Definitions
      At line 44 in file src\startup_ing91600.s
   Uses
      At line 37 in file src\startup_ing91600.s
Comment: __heap_limit used once
4 symbols



ARM Macro Assembler    Page 1 Alphabetic symbol ordering
Relocatable symbols

RESET 00000000

Symbol: RESET
   Definitions
      At line 51 in file src\startup_ing91600.s
   Uses
      None
Comment: RESET unused
__Vectors 00000000

Symbol: __Vectors
   Definitions
      At line 54 in file src\startup_ing91600.s
   Uses
      At line 52 in file src\startup_ing91600.s
      At line 129 in file src\startup_ing91600.s

__Vectors_End 00000120

Symbol: __Vectors_End
   Definitions
      At line 127 in file src\startup_ing91600.s
   Uses
      At line 129 in file src\startup_ing91600.s
Comment: __Vectors_End used once
3 symbols



ARM Macro Assembler    Page 1 Alphabetic symbol ordering
Relocatable symbols

.text 00000000

Symbol: .text
   Definitions
      At line 132 in file src\startup_ing91600.s
   Uses
      None
Comment: .text unused
CALL_USER_ISR 00000024

Symbol: CALL_USER_ISR
   Definitions
      At line 176 in file src\startup_ing91600.s
   Uses
      At line 165 in file src\startup_ing91600.s
Comment: CALL_USER_ISR used once
Override_Handler 00000010

Symbol: Override_Handler
   Definitions
      At line 155 in file src\startup_ing91600.s
   Uses
      At line 56 in file src\startup_ing91600.s
      At line 57 in file src\startup_ing91600.s
      At line 58 in file src\startup_ing91600.s
      At line 59 in file src\startup_ing91600.s
      At line 60 in file src\startup_ing91600.s
      At line 65 in file src\startup_ing91600.s
      At line 66 in file src\startup_ing91600.s
      At line 68 in file src\startup_ing91600.s
      At line 69 in file src\startup_ing91600.s
      At line 70 in file src\startup_ing91600.s
      At line 71 in file src\startup_ing91600.s
      At line 72 in file src\startup_ing91600.s
      At line 73 in file src\startup_ing91600.s
      At line 74 in file src\startup_ing91600.s
      At line 75 in file src\startup_ing91600.s
      At line 76 in file src\startup_ing91600.s
      At line 77 in file src\startup_ing91600.s
      At line 78 in file src\startup_ing91600.s
      At line 79 in file src\startup_ing91600.s
      At line 80 in file src\startup_ing91600.s
      At line 81 in file src\startup_ing91600.s
      At line 82 in file src\startup_ing91600.s
      At line 83 in file src\startup_ing91600.s
      At line 84 in file src\startup_ing91600.s
      At line 85 in file src\startup_ing91600.s
      At line 86 in file src\startup_ing91600.s
      At line 87 in file src\startup_ing91600.s
      At line 88 in file src\startup_ing91600.s
      At line 89 in file src\startup_ing91600.s
      At line 90 in file src\startup_ing91600.s
      At line 91 in file src\startup_ing91600.s
      At line 92 in file src\startup_ing91600.s
      At line 93 in file src\startup_ing91600.s
      At line 94 in file src\startup_ing91600.s
      At line 95 in file src\startup_ing91600.s
      At line 96 in file src\startup_ing91600.s
      At line 97 in file src\startup_ing91600.s



ARM Macro Assembler    Page 2 Alphabetic symbol ordering
Relocatable symbols

      At line 98 in file src\startup_ing91600.s
      At line 99 in file src\startup_ing91600.s
      At line 100 in file src\startup_ing91600.s
      At line 101 in file src\startup_ing91600.s
      At line 102 in file src\startup_ing91600.s
      At line 103 in file src\startup_ing91600.s
      At line 104 in file src\startup_ing91600.s
      At line 105 in file src\startup_ing91600.s
      At line 106 in file src\startup_ing91600.s
      At line 107 in file src\startup_ing91600.s
      At line 108 in file src\startup_ing91600.s
      At line 109 in file src\startup_ing91600.s
      At line 110 in file src\startup_ing91600.s
      At line 111 in file src\startup_ing91600.s
      At line 112 in file src\startup_ing91600.s
      At line 113 in file src\startup_ing91600.s
      At line 114 in file src\startup_ing91600.s
      At line 115 in file src\startup_ing91600.s
      At line 116 in file src\startup_ing91600.s
      At line 117 in file src\startup_ing91600.s
      At line 118 in file src\startup_ing91600.s
      At line 119 in file src\startup_ing91600.s
      At line 120 in file src\startup_ing91600.s
      At line 121 in file src\startup_ing91600.s
      At line 122 in file src\startup_ing91600.s
      At line 123 in file src\startup_ing91600.s
      At line 124 in file src\startup_ing91600.s
      At line 125 in file src\startup_ing91600.s

Reset_Handler 00000000

Symbol: Reset_Handler
   Definitions
      At line 137 in file src\startup_ing91600.s
   Uses
      At line 55 in file src\startup_ing91600.s
      At line 138 in file src\startup_ing91600.s

main 0000002A

Symbol: main
   Definitions
      At line 183 in file src\startup_ing91600.s
   Uses
      At line 184 in file src\startup_ing91600.s
Comment: main used once
5 symbols



ARM Macro Assembler    Page 1 Alphabetic symbol ordering
Absolute symbols

Heap_Size 00000000

Symbol: Heap_Size
   Definitions
      At line 39 in file src\startup_ing91600.s
   Uses
      At line 43 in file src\startup_ing91600.s
Comment: Heap_Size used once
Stack_Size 00000004

Symbol: Stack_Size
   Definitions
      At line 28 in file src\startup_ing91600.s
   Uses
      At line 31 in file src\startup_ing91600.s
Comment: Stack_Size used once
__Vectors_Size 00000120

Symbol: __Vectors_Size
   Definitions
      At line 129 in file src\startup_ing91600.s
   Uses
      None
Comment: __Vectors_Size unused
3 symbols



ARM Macro Assembler    Page 1 Alphabetic symbol ordering
External symbols

UserHandler 00000000

Symbol: UserHandler
   Definitions
      At line 156 in file src\startup_ing91600.s
   Uses
      At line 178 in file src\startup_ing91600.s
Comment: UserHandler used once
__scatterload 00000000

Symbol: __scatterload
   Definitions
      At line 139 in file src\startup_ing91600.s
   Uses
      At line 148 in file src\startup_ing91600.s
Comment: __scatterload used once
app_main 00000000

Symbol: app_main
   Definitions
      At line 185 in file src\startup_ing91600.s
   Uses
      At line 187 in file src\startup_ing91600.s
Comment: app_main used once
3 symbols
357 symbols in table
